[0.004s] Invoking command in '/home/kartik/robot_arm/build/robot_description': DEBUGINFOD_URLS=https://debuginfod.ubuntu.com /usr/bin/cmake --build /home/kartik/robot_arm/build/robot_description -- -j5 -l5
[0.023s] -- Found ament_cmake: 2.5.4 (/opt/ros/jazzy/share/ament_cmake/cmake)
[1.032s] Traceback (most recent call last):
[1.032s]   File "/opt/ros/jazzy/share/ament_cmake_core/cmake/package_templates/templates_2_cmake.py", line 21, in <module>
[1.032s]     from ament_package.templates import get_environment_hook_template_path
[1.032s] ModuleNotFoundError: No module named 'ament_package'
[1.032s] Error in sys.excepthook:
[1.032s] Traceback (most recent call last):
[1.032s]   File "/usr/lib/python3/dist-packages/apport_python_hook.py", line 228, in partial_apport_excepthook
[1.032s]     return apport_excepthook(binary, exc_type, exc_obj, exc_tb)
[1.033s]            ^^^^^^^^^^^^^^^^^^^^^^^^^^^^^^^^^^^^^^^^^^^^^^^^^^^^
[1.033s]   File "/usr/lib/python3/dist-packages/apport_python_hook.py", line 144, in apport_excepthook
[1.033s]     os.open(pr_filename, os.O_WRONLY | os.O_CREAT | os.O_EXCL, 0o640), "wb"
[1.033s]     ^^^^^^^^^^^^^^^^^^^^^^^^^^^^^^^^^^^^^^^^^^^^^^^^^^^^^^^^^^^^^^^^^
[1.033s] FileExistsError: [Errno 17] File exists: '/var/crash/_opt_ros_jazzy_share_ament_cmake_core_cmake_package_templates_templates_2_cmake.py.1000.crash'
[1.033s] 
[1.033s] Original exception was:
[1.033s] Traceback (most recent call last):
[1.033s]   File "/opt/ros/jazzy/share/ament_cmake_core/cmake/package_templates/templates_2_cmake.py", line 21, in <module>
[1.033s]     from ament_package.templates import get_environment_hook_template_path
[1.033s] ModuleNotFoundError: No module named 'ament_package'
[1.052s] [31mCMake Error at /opt/ros/jazzy/share/ament_cmake_core/cmake/ament_cmake_package_templates-extras.cmake:41 (message):
[1.052s]   execute_process(/usr/bin/python3
[1.052s]   /opt/ros/jazzy/share/ament_cmake_core/cmake/package_templates/templates_2_cmake.py
[1.052s]   /home/kartik/robot_arm/build/robot_description/ament_cmake_package_templates/templates.cmake)
[1.052s]   returned error code 1
[1.052s] Call Stack (most recent call first):
[1.052s]   /opt/ros/jazzy/share/ament_cmake_core/cmake/ament_cmake_coreConfig.cmake:41 (include)
[1.052s]   /opt/ros/jazzy/share/ament_cmake/cmake/ament_cmake_export_dependencies-extras.cmake:15 (find_package)
[1.052s]   /opt/ros/jazzy/share/ament_cmake/cmake/ament_cmakeConfig.cmake:41 (include)
[1.052s]   CMakeLists.txt:8 (find_package)
[1.052s] 
[1.052s] [0m
[1.053s] -- Configuring incomplete, errors occurred!
[1.054s] gmake: *** [Makefile:226: cmake_check_build_system] Error 1
