[0.006s] Invoking command in '/home/kartik/robot_arm/build/robot_controller': DEBUGINFOD_URLS=https://debuginfod.ubuntu.com /usr/bin/cmake --build /home/kartik/robot_arm/build/robot_controller -- -j5 -l5
[0.026s] -- Found ament_cmake: 2.5.4 (/opt/ros/jazzy/share/ament_cmake/cmake)
[1.037s] Traceback (most recent call last):
[1.038s]   File "/opt/ros/jazzy/share/ament_cmake_core/cmake/package_templates/templates_2_cmake.py", line 21, in <module>
[1.038s]     from ament_package.templates import get_environment_hook_template_path
[1.038s] ModuleNotFoundError: No module named 'ament_package'
[1.056s] -- Configuring incomplete, errors occurred!
[1.056s] [31mCMake Error at /opt/ros/jazzy/share/ament_cmake_core/cmake/ament_cmake_package_templates-extras.cmake:41 (message):
[1.056s]   execute_process(/usr/bin/python3
[1.056s]   /opt/ros/jazzy/share/ament_cmake_core/cmake/package_templates/templates_2_cmake.py
[1.056s]   /home/kartik/robot_arm/build/robot_controller/ament_cmake_package_templates/templates.cmake)
[1.056s]   returned error code 1
[1.056s] Call Stack (most recent call first):
[1.056s]   /opt/ros/jazzy/share/ament_cmake_core/cmake/ament_cmake_coreConfig.cmake:41 (include)
[1.056s]   /opt/ros/jazzy/share/ament_cmake/cmake/ament_cmake_export_dependencies-extras.cmake:15 (find_package)
[1.056s]   /opt/ros/jazzy/share/ament_cmake/cmake/ament_cmakeConfig.cmake:41 (include)
[1.056s]   CMakeLists.txt:9 (find_package)
[1.056s] 
[1.056s] [0m
[1.057s] gmake: *** [Makefile:226: cmake_check_build_system] Error 1
[1.058s] Invoked command in '/home/kartik/robot_arm/build/robot_controller' returned '2': DEBUGINFOD_URLS=https://debuginfod.ubuntu.com /usr/bin/cmake --build /home/kartik/robot_arm/build/robot_controller -- -j5 -l5
